
                                      ARENA Simulation Results
                             gustavo.copini@gmail.com - License: STUDENT

                                  Sumário para Replicação 1 de 1

Projeto: Ex1                                                         Data da execução : 5/15/2020
Analista: gustavo.copini@gmail.com                                    Data de revisão do modelo: 5/15/2020

Replicação terminada no tempo de      : 8760.0 Horas 
Unidade de Tempo Base: Horas

                                           VARIÁVEIS DE REGISTRO

Identificador                                  Média   Meia Largura  Mínimo    Máximo   Observações
___________________________________________________________________________________________________

Entity 1.VATime                             5.9962     .08929     3.0966     9.7315       1148    
Entity 1.NVATime                            .00000     .00000     .00000     .00000       1148    
Entity 1.WaitTime                           10.384     2.0313     .00000     59.578       1148    
Entity 1.TranTime                           .00000     .00000     .00000     .00000       1148    
Entity 1.OtherTime                          .00000     .00000     .00000     .00000       1148    
Entity 1.TotalTime                          16.380     2.0350     3.2093     65.501       1148    
Descarregar.Queue.WaitingTime               10.376     2.0313     .00000     59.578       1149    

                                     VARIÁVEIS DISCRETAS

Identificador                                 Média   Meia Largura  Mínimo    Máximo   Valor Final
___________________________________________________________________________________________________

Entity 1.WIP                                2.1478     .34599     .00000     11.000     4.0000    
Navio.NumberBusy                            .78648     .03684     .00000     1.0000     1.0000    
Navio.NumberScheduled                       1.0000     (Insuf)    1.0000     1.0000     1.0000    
Navio.Utilization                           .78648     .03684     .00000     1.0000     1.0000    
Descarregar.Queue.NumberInQueue             1.3613     .31662     .00000     10.000     3.0000    

                                             RESULTADOS

Identificador                                   Valor
_____________________________________________________________

Entity 1.NumberIn                           1152.0    
Entity 1.NumberOut                          1148.0    
Navio.NumberSeized                          1149.0    
Navio.ScheduledUtilization                  .78648    
System.NumberOut                            1148.0    


Tempo executando a simulação: 0.05 minutos.
Simulação completada.
